<?xml version="1.0" encoding="UTF-8"?>
<!-- Generated by org.testng.reporters.JUnitXMLReporter -->
<testsuite ignored="0" hostname="DESKTOP-DQ8QITO" failures="1" tests="1" name="Command line test" time="0.63" errors="0" timestamp="2020-11-26T23:59:10 NZDT">
  <testcase classname="io.cucumber.testng.AbstractTestNGCucumberTests" name="runScenario" time="0.151">
    <failure type="io.cucumber.testng.UndefinedStepException" message="The step &amp;quot;I go to &amp;quot;https://www.tmsandbox.co.nz/&amp;quot;&amp;quot; is undefined. You can implement it using the snippet(s) below:

@Given(&amp;quot;I go to {string}&amp;quot;)
public void i_go_to(String string) {
    // Write code here that turns the phrase above into concrete actions
    throw new io.cucumber.java.PendingException();
}
---
Given(&amp;quot;I go to {string}&amp;quot;, (String string) -&amp;gt; {
    // Write code here that turns the phrase above into concrete actions
    throw new io.cucumber.java8.PendingException();
});
">
      <![CDATA[io.cucumber.testng.UndefinedStepException: The step "I go to "https://www.tmsandbox.co.nz/"" is undefined. You can implement it using the snippet(s) below:

@Given("I go to {string}")
public void i_go_to(String string) {
    // Write code here that turns the phrase above into concrete actions
    throw new io.cucumber.java.PendingException();
}
---
Given("I go to {string}", (String string) -> {
    // Write code here that turns the phrase above into concrete actions
    throw new io.cucumber.java8.PendingException();
});

at io.cucumber.core.runtime.TestCaseResultObserver.assertTestCasePassed(TestCaseResultObserver.java:102)
at io.cucumber.testng.TestCaseResultObserver.assertTestCasePassed(TestCaseResultObserver.java:23)
at io.cucumber.testng.TestNGCucumberRunner.lambda$runScenario$0(TestNGCucumberRunner.java:117)
at io.cucumber.core.runtime.CucumberExecutionContext.runTestCase(CucumberExecutionContext.java:117)
at io.cucumber.testng.TestNGCucumberRunner.runScenario(TestNGCucumberRunner.java:113)
at io.cucumber.testng.AbstractTestNGCucumberTests.runScenario(AbstractTestNGCucumberTests.java:31)
at java.base/java.util.ArrayList.forEach(ArrayList.java:1511)
... Removed 36 stack frames]]>
    </failure>
  </testcase> <!-- runScenario -->
</testsuite> <!-- Command line test -->
