<?xml version="1.0" encoding="UTF-8"?>
<testng-results ignored="0" total="2" passed="1" failed="1" skipped="0">
  <reporter-output>
  </reporter-output>
  <suite started-at="2021-03-03T12:49:45 NZDT" name="Test-Suite" finished-at="2021-03-03T12:50:05 NZDT" duration-ms="19585">
    <groups>
      <group name="cucumber">
        <method signature="AbstractTestNGCucumberTests.runScenario(io.cucumber.testng.PickleWrapper, io.cucumber.testng.FeatureWrapper)[pri:0, instance:com.tmsandbox.runner.TestRunner@2ed2d9cb]" name="runScenario" class="io.cucumber.testng.AbstractTestNGCucumberTests"/>
      </group> <!-- cucumber -->
    </groups>
    <test started-at="2021-03-03T12:49:45 NZDT" name="selenium-bdd-framework" finished-at="2021-03-03T12:50:05 NZDT" duration-ms="19585">
      <class name="com.tmsandbox.runner.CreateSession">
        <test-method is-config="true" signature="initDriver()[pri:0, instance:com.tmsandbox.runner.CreateSession@6392827e]" started-at="2021-03-03T12:49:41 NZDT" name="initDriver" finished-at="2021-03-03T12:49:45 NZDT" duration-ms="4370" status="PASS">
          <reporter-output>
          </reporter-output>
        </test-method> <!-- initDriver -->
        <test-method is-config="true" signature="tearDown()[pri:0, instance:com.tmsandbox.runner.CreateSession@6392827e]" started-at="2021-03-03T12:50:05 NZDT" name="tearDown" finished-at="2021-03-03T12:50:11 NZDT" duration-ms="6255" status="PASS">
          <reporter-output>
          </reporter-output>
        </test-method> <!-- tearDown -->
      </class> <!-- com.tmsandbox.runner.CreateSession -->
      <class name="com.tmsandbox.runner.TestRunner">
        <test-method is-config="true" signature="setUpClass()[pri:0, instance:com.tmsandbox.runner.TestRunner@2ed2d9cb]" started-at="2021-03-03T12:49:45 NZDT" name="setUpClass" finished-at="2021-03-03T12:49:46 NZDT" duration-ms="621" status="PASS">
          <reporter-output>
          </reporter-output>
        </test-method> <!-- setUpClass -->
        <test-method signature="runScenario(io.cucumber.testng.PickleWrapper, io.cucumber.testng.FeatureWrapper)[pri:0, instance:com.tmsandbox.runner.TestRunner@2ed2d9cb]" started-at="2021-03-03T12:49:46 NZDT" name="runScenario" description="Runs Cucumber Scenarios" data-provider="scenarios" finished-at="2021-03-03T12:49:57 NZDT" duration-ms="11514" status="FAIL">
          <params>
            <param index="0">
              <value>
                <![CDATA["Query for used car"]]>
              </value>
            </param>
            <param index="1">
              <value>
                <![CDATA["Optional[Query exiting used car]"]]>
              </value>
            </param>
          </params>
          <exception class="java.lang.AssertionError">
            <message>
              <![CDATA[expected [true] but found [false]]]>
            </message>
            <full-stacktrace>
              <![CDATA[java.lang.AssertionError: expected [true] but found [false]
at org.testng.Assert.fail(Assert.java:99)
at org.testng.Assert.failNotEquals(Assert.java:1037)
at org.testng.Assert.assertTrue(Assert.java:45)
at org.testng.Assert.assertTrue(Assert.java:55)
at com.tmsandbox.stepDefinations.StepDefination_QueryUsedCar.verifySearchedItemPresent(StepDefination_QueryUsedCar.java:52)
at âœ½.I verify that "1998 BMW 328i E46" item is present(file:///D:/Study%20Folder/Java_Workspace/TradeMeSandboxUIAutomation/src/test/resources/features/Scenario1_QueryUsedCar.feature:9)
]]>
            </full-stacktrace>
          </exception> <!-- java.lang.AssertionError -->
          <reporter-output>
          </reporter-output>
        </test-method> <!-- runScenario -->
        <test-method signature="runScenario(io.cucumber.testng.PickleWrapper, io.cucumber.testng.FeatureWrapper)[pri:0, instance:com.tmsandbox.runner.TestRunner@2ed2d9cb]" started-at="2021-03-03T12:49:57 NZDT" name="runScenario" description="Runs Cucumber Scenarios" data-provider="scenarios" finished-at="2021-03-03T12:50:05 NZDT" duration-ms="7241" status="PASS">
          <params>
            <param index="0">
              <value>
                <![CDATA["Details of used car"]]>
              </value>
            </param>
            <param index="1">
              <value>
                <![CDATA["Optional[Query exiting used car]"]]>
              </value>
            </param>
          </params>
          <reporter-output>
          </reporter-output>
        </test-method> <!-- runScenario -->
        <test-method is-config="true" signature="tearDownClass()[pri:0, instance:com.tmsandbox.runner.TestRunner@2ed2d9cb]" started-at="2021-03-03T12:50:05 NZDT" name="tearDownClass" finished-at="2021-03-03T12:50:05 NZDT" duration-ms="161" status="PASS">
          <reporter-output>
          </reporter-output>
        </test-method> <!-- tearDownClass -->
      </class> <!-- com.tmsandbox.runner.TestRunner -->
    </test> <!-- selenium-bdd-framework -->
  </suite> <!-- Test-Suite -->
</testng-results>
