<?xml version="1.0" encoding="UTF-8"?>
<!-- Generated by org.testng.reporters.JUnitReportReporter -->
<testsuite hostname="Diksha-PC" failures="1" tests="2" name="com.tmsandbox.runner.TestRunner" time="18.755" errors="0" timestamp="2021-03-03T12:50:11 NZDT" skipped="0">
  <testcase classname="com.tmsandbox.runner.TestRunner" name="runScenario" time="7.241"/>
  <system-out/>
  <testcase classname="com.tmsandbox.runner.TestRunner" name="runScenario" time="11.514">
    <failure message="expected [true] but found [false]" type="java.lang.AssertionError">
      <![CDATA[java.lang.AssertionError: expected [true] but found [false]
at org.testng.Assert.fail(Assert.java:99)
at org.testng.Assert.failNotEquals(Assert.java:1037)
at org.testng.Assert.assertTrue(Assert.java:45)
at org.testng.Assert.assertTrue(Assert.java:55)
at com.tmsandbox.stepDefinations.StepDefination_QueryUsedCar.verifySearchedItemPresent(StepDefination_QueryUsedCar.java:52)
at âœ½.I verify that "1998 BMW 328i E46" item is present(file:///D:/Study%20Folder/Java_Workspace/TradeMeSandboxUIAutomation/src/test/resources/features/Scenario1_QueryUsedCar.feature:9)
]]>
    </failure>
  </testcase> <!-- runScenario -->
  <system-out/>
</testsuite> <!-- com.tmsandbox.runner.TestRunner -->
